<?xml version="1.0" encoding="UTF-8"?>
<!-- Generated by org.testng.reporters.JUnitXMLReporter -->
<testsuite ignored="7" hostname="Win10-2-205" failures="0" tests="5" name="Test" time="58.589" errors="0" timestamp="2022-01-11T10:08:44 IST">
  <testcase classname="com.qa.zerobank.testcases.AccountSummaryTestCases" name="Purchase_Foreign_Currency_Cash_Alert_Test" time="8.452"/>
  <testcase classname="com.qa.zerobank.testcases.AccountSummaryTestCases" name="Fund_Transfer_test" time="8.184"/>
  <testcase classname="com.qa.zerobank.testcases.HomePageTestCases" name="signInButtonTest" time="0.645"/>
  <testcase classname="com.qa.zerobank.testcases.HomePageTestCases" name="searchBoxPositiveTest" time="3.071"/>
  <testcase classname="com.qa.zerobank.testcases.LogInPageTestcases" name="validate_LogIn_Functionality_Valid_Credentials" time="6.185"/>
  <testcase classname="com.qa.zerobank.testcases.AccountSummaryTestCases" name="Purchase_Foreign_Currency_Cash_Invalid_Amount_Test" time="0.0">
    <ignored/>
  </testcase> <!-- Purchase_Foreign_Currency_Cash_Invalid_Amount_Test -->
  <testcase classname="com.qa.zerobank.testcases.LogInPageTestcases" name="validate_LogIn_Functionality_InValid_Username_Valid_Password" time="0.0">
    <ignored/>
  </testcase> <!-- validate_LogIn_Functionality_InValid_Username_Valid_Password -->
  <testcase classname="com.qa.zerobank.testcases.HomePageTestCases" name="validateLogo" time="0.0">
    <ignored/>
  </testcase> <!-- validateLogo -->
  <testcase classname="com.qa.zerobank.testcases.LogInPageTestcases" name="validate_LogIn_Functionality_InValid_Username_Invalid_Password" time="0.0">
    <ignored/>
  </testcase> <!-- validate_LogIn_Functionality_InValid_Username_Invalid_Password -->
  <testcase classname="com.qa.zerobank.testcases.HomePageTestCases" name="validateHomePage" time="0.0">
    <ignored/>
  </testcase> <!-- validateHomePage -->
  <testcase classname="com.qa.zerobank.testcases.LogInPageTestcases" name="validate_LogIn_Functionality_Empty_Username_And_Password" time="0.0">
    <ignored/>
  </testcase> <!-- validate_LogIn_Functionality_Empty_Username_And_Password -->
  <testcase classname="com.qa.zerobank.testcases.LogInPageTestcases" name="validate_LogIn_Functionality_Valid_Username_InValid_Password" time="0.0">
    <ignored/>
  </testcase> <!-- validate_LogIn_Functionality_Valid_Username_InValid_Password -->
</testsuite> <!-- Test -->
