<?xml version="1.0" encoding="UTF-8"?>
<testng-results ignored="7" total="12" passed="5" failed="0" skipped="0">
  <reporter-output>
  </reporter-output>
  <suite started-at="2022-01-11T10:07:45 IST" name="Suite" finished-at="2022-01-11T10:08:44 IST" duration-ms="58589">
    <groups>
      <group name="Smoke">
        <method signature="AccountSummaryTestCases.Fund_Transfer_test()[pri:2, instance:com.qa.zerobank.testcases.AccountSummaryTestCases@593aaf41]" name="Fund_Transfer_test" class="com.qa.zerobank.testcases.AccountSummaryTestCases"/>
        <method signature="AccountSummaryTestCases.Purchase_Foreign_Currency_Cash_Alert_Test()[pri:1, instance:com.qa.zerobank.testcases.AccountSummaryTestCases@593aaf41]" name="Purchase_Foreign_Currency_Cash_Alert_Test" class="com.qa.zerobank.testcases.AccountSummaryTestCases"/>
        <method signature="HomePageTestCases.searchBoxPositiveTest()[pri:2, instance:com.qa.zerobank.testcases.HomePageTestCases@13fd2ccd]" name="searchBoxPositiveTest" class="com.qa.zerobank.testcases.HomePageTestCases"/>
        <method signature="HomePageTestCases.signInButtonTest()[pri:1, instance:com.qa.zerobank.testcases.HomePageTestCases@13fd2ccd]" name="signInButtonTest" class="com.qa.zerobank.testcases.HomePageTestCases"/>
        <method signature="LogInPageTestcases.validate_LogIn_Functionality_Valid_Credentials()[pri:1, instance:com.qa.zerobank.testcases.LogInPageTestcases@7d4f9aae]" name="validate_LogIn_Functionality_Valid_Credentials" class="com.qa.zerobank.testcases.LogInPageTestcases"/>
      </group> <!-- Smoke -->
    </groups>
    <test started-at="2022-01-11T10:07:45 IST" name="Test" finished-at="2022-01-11T10:08:44 IST" duration-ms="58589">
      <class name="com.qa.zerobank.testcases.AccountSummaryTestCases">
        <test-method is-config="true" signature="setUp()[pri:0, instance:com.qa.zerobank.testcases.AccountSummaryTestCases@593aaf41]" started-at="2022-01-11T10:07:45 IST" name="setUp" finished-at="2022-01-11T10:07:51 IST" duration-ms="5857" status="PASS">
          <reporter-output>
          </reporter-output>
        </test-method> <!-- setUp -->
        <test-method signature="Purchase_Foreign_Currency_Cash_Alert_Test()[pri:1, instance:com.qa.zerobank.testcases.AccountSummaryTestCases@593aaf41]" started-at="2022-01-11T10:07:51 IST" name="Purchase_Foreign_Currency_Cash_Alert_Test" finished-at="2022-01-11T10:07:59 IST" duration-ms="8452" status="PASS">
          <reporter-output>
          </reporter-output>
        </test-method> <!-- Purchase_Foreign_Currency_Cash_Alert_Test -->
        <test-method is-config="true" signature="cleanUp()[pri:0, instance:com.qa.zerobank.testcases.AccountSummaryTestCases@593aaf41]" started-at="2022-01-11T10:08:00 IST" name="cleanUp" finished-at="2022-01-11T10:08:01 IST" duration-ms="1487" status="PASS">
          <reporter-output>
          </reporter-output>
        </test-method> <!-- cleanUp -->
        <test-method is-config="true" signature="setUp()[pri:0, instance:com.qa.zerobank.testcases.AccountSummaryTestCases@593aaf41]" started-at="2022-01-11T10:08:01 IST" name="setUp" finished-at="2022-01-11T10:08:06 IST" duration-ms="4552" status="PASS">
          <reporter-output>
          </reporter-output>
        </test-method> <!-- setUp -->
        <test-method signature="Fund_Transfer_test()[pri:2, instance:com.qa.zerobank.testcases.AccountSummaryTestCases@593aaf41]" started-at="2022-01-11T10:08:06 IST" name="Fund_Transfer_test" finished-at="2022-01-11T10:08:14 IST" duration-ms="8184" status="PASS">
          <reporter-output>
          </reporter-output>
        </test-method> <!-- Fund_Transfer_test -->
        <test-method is-config="true" signature="cleanUp()[pri:0, instance:com.qa.zerobank.testcases.AccountSummaryTestCases@593aaf41]" started-at="2022-01-11T10:08:14 IST" name="cleanUp" finished-at="2022-01-11T10:08:17 IST" duration-ms="3180" status="PASS">
          <reporter-output>
          </reporter-output>
        </test-method> <!-- cleanUp -->
      </class> <!-- com.qa.zerobank.testcases.AccountSummaryTestCases -->
      <class name="com.qa.zerobank.testcases.HomePageTestCases">
        <test-method is-config="true" signature="setUp()[pri:0, instance:com.qa.zerobank.testcases.HomePageTestCases@13fd2ccd]" started-at="2022-01-11T10:08:17 IST" name="setUp" finished-at="2022-01-11T10:08:22 IST" duration-ms="4679" status="PASS">
          <reporter-output>
          </reporter-output>
        </test-method> <!-- setUp -->
        <test-method signature="signInButtonTest()[pri:1, instance:com.qa.zerobank.testcases.HomePageTestCases@13fd2ccd]" started-at="2022-01-11T10:08:22 IST" name="signInButtonTest" finished-at="2022-01-11T10:08:22 IST" duration-ms="645" status="PASS">
          <reporter-output>
          </reporter-output>
        </test-method> <!-- signInButtonTest -->
        <test-method is-config="true" signature="cleanUp()[pri:0, instance:com.qa.zerobank.testcases.HomePageTestCases@13fd2ccd]" started-at="2022-01-11T10:08:22 IST" name="cleanUp" finished-at="2022-01-11T10:08:23 IST" duration-ms="349" status="PASS">
          <reporter-output>
          </reporter-output>
        </test-method> <!-- cleanUp -->
        <test-method is-config="true" signature="setUp()[pri:0, instance:com.qa.zerobank.testcases.HomePageTestCases@13fd2ccd]" started-at="2022-01-11T10:08:23 IST" name="setUp" finished-at="2022-01-11T10:08:28 IST" duration-ms="5143" status="PASS">
          <reporter-output>
          </reporter-output>
        </test-method> <!-- setUp -->
        <test-method signature="searchBoxPositiveTest()[pri:2, instance:com.qa.zerobank.testcases.HomePageTestCases@13fd2ccd]" started-at="2022-01-11T10:08:28 IST" name="searchBoxPositiveTest" finished-at="2022-01-11T10:08:31 IST" duration-ms="3071" status="PASS">
          <reporter-output>
          </reporter-output>
        </test-method> <!-- searchBoxPositiveTest -->
        <test-method is-config="true" signature="cleanUp()[pri:0, instance:com.qa.zerobank.testcases.HomePageTestCases@13fd2ccd]" started-at="2022-01-11T10:08:31 IST" name="cleanUp" finished-at="2022-01-11T10:08:32 IST" duration-ms="808" status="PASS">
          <reporter-output>
          </reporter-output>
        </test-method> <!-- cleanUp -->
      </class> <!-- com.qa.zerobank.testcases.HomePageTestCases -->
      <class name="com.qa.zerobank.testcases.LogInPageTestcases">
        <test-method is-config="true" signature="setUp()[pri:0, instance:com.qa.zerobank.testcases.LogInPageTestcases@7d4f9aae]" started-at="2022-01-11T10:08:32 IST" name="setUp" finished-at="2022-01-11T10:08:37 IST" duration-ms="5630" status="PASS">
          <reporter-output>
          </reporter-output>
        </test-method> <!-- setUp -->
        <test-method signature="validate_LogIn_Functionality_Valid_Credentials()[pri:1, instance:com.qa.zerobank.testcases.LogInPageTestcases@7d4f9aae]" started-at="2022-01-11T10:08:37 IST" name="validate_LogIn_Functionality_Valid_Credentials" finished-at="2022-01-11T10:08:43 IST" duration-ms="6185" status="PASS">
          <reporter-output>
          </reporter-output>
        </test-method> <!-- validate_LogIn_Functionality_Valid_Credentials -->
        <test-method is-config="true" signature="cleanUp()[pri:0, instance:com.qa.zerobank.testcases.LogInPageTestcases@7d4f9aae]" started-at="2022-01-11T10:08:43 IST" name="cleanUp" finished-at="2022-01-11T10:08:44 IST" duration-ms="284" status="PASS">
          <reporter-output>
          </reporter-output>
        </test-method> <!-- cleanUp -->
      </class> <!-- com.qa.zerobank.testcases.LogInPageTestcases -->
    </test> <!-- Test -->
  </suite> <!-- Suite -->
</testng-results>
